[2021-08-18 11:09:28] START
[2021-08-18 11:09:28] EDIT cwm/models/0.py: 1
[2021-08-18 11:10:29] EDIT cwm/models/db.py: 3
[2021-08-18 11:50:37] EDIT cwm/models/db_wizard.py: 2
[2021-08-18 13:53:30] EDIT cwm/controllers/default.py: 1
[2021-08-18 13:57:32] EDIT cwm/controllers/default.py: 0
[2021-08-18 14:00:11] EDIT cwm/views/default/user_status_manage.html: 1
[2021-08-18 14:02:04] EDIT cwm/controllers/default.py: 0
[2021-08-18 14:02:17] EDIT cwm/controllers/default.py: 0
[2021-08-18 14:02:24] EDIT cwm/controllers/default.py: 0
[2021-08-18 15:15:26] EDIT cwm/controllers/default.py: 1
[2021-08-18 15:16:47] EDIT cwm/controllers/default.py: 0
[2021-08-18 15:31:40] EDIT cwm/controllers/default.py: 0
[2021-08-18 15:32:00] EDIT cwm/controllers/default.py: 0
[2021-08-18 15:32:56] EDIT cwm/controllers/default.py: 0
[2021-08-18 15:37:19] EDIT cwm/controllers/default.py: 0
[2021-08-18 15:37:53] EDIT cwm/controllers/default.py: 0
[2021-08-18 15:43:02] EDIT cwm/controllers/default.py: 0
[2021-08-18 15:44:57] EDIT cwm/controllers/default.py: 0
[2021-08-18 15:45:14] EDIT cwm/controllers/default.py: 0
[2021-08-18 15:46:39] EDIT cwm/controllers/default.py: 0
[2021-08-18 15:46:58] EDIT cwm/controllers/default.py: 0
[2021-08-18 15:47:12] EDIT cwm/controllers/default.py: 0
[2021-08-18 15:48:57] EDIT cwm/controllers/default.py: 0
[2021-08-18 15:49:46] EDIT cwm/controllers/default.py: 0
[2021-08-18 15:51:29] EDIT cwm/controllers/default.py: 0
[2021-08-18 15:52:10] EDIT cwm/controllers/default.py: 1
[2021-08-18 15:53:05] EDIT cwm/controllers/default.py: 0
[2021-08-18 15:53:17] EDIT cwm/controllers/default.py: 0
[2021-08-18 15:53:45] EDIT cwm/controllers/default.py: 0
[2021-08-18 15:53:52] EDIT cwm/controllers/default.py: 0
[2021-08-18 15:54:03] EDIT cwm/controllers/default.py: 0
[2021-08-18 15:54:09] EDIT cwm/controllers/default.py: 0
[2021-08-18 15:54:29] EDIT cwm/controllers/default.py: 0
[2021-08-18 15:54:36] EDIT cwm/controllers/default.py: 0
[2021-08-18 15:54:45] EDIT cwm/controllers/default.py: 0
[2021-08-18 15:58:33] EDIT cwm/controllers/default.py: 0
[2021-08-18 16:12:30] EDIT cwm/controllers/default.py: 0
[2021-08-18 16:14:24] EDIT cwm/controllers/default.py: 0
[2021-08-18 16:24:19] EDIT cwm/controllers/default.py: 0
[2021-08-18 16:30:43] EDIT cwm/controllers/default.py: 0
[2021-08-18 16:31:42] EDIT cwm/controllers/default.py: 0
[2021-08-18 16:31:43] EDIT cwm/controllers/default.py: 0
[2021-08-18 16:39:36] EDIT cwm/controllers/default.py: 0
[2021-08-18 16:39:54] EDIT cwm/controllers/default.py: 0
[2021-08-18 16:40:02] EDIT cwm/controllers/default.py: 0
[2021-08-18 16:49:00] EDIT cwm/controllers/default.py: 0
[2021-08-18 16:52:35] EDIT cwm/controllers/default.py: 0
[2021-08-18 16:53:54] EDIT cwm/controllers/default.py: 0
[2021-08-18 16:54:47] EDIT cwm/controllers/default.py: 0
[2021-08-18 16:58:33] EDIT cwm/controllers/default.py: 0
[2021-08-18 16:59:59] EDIT cwm/controllers/default.py: 0
[2021-08-18 17:00:59] EDIT cwm/controllers/default.py: 0
[2021-08-18 17:01:47] EDIT cwm/controllers/default.py: 1
[2021-08-18 17:02:05] EDIT cwm/controllers/default.py: 0
[2021-08-18 17:04:53] EDIT cwm/controllers/default.py: 0
[2021-08-18 17:05:17] EDIT cwm/controllers/default.py: 0
[2021-08-18 17:05:18] EDIT cwm/controllers/default.py: 0
[2021-08-18 17:06:29] EDIT cwm/controllers/default.py: 0
[2021-08-18 17:06:57] EDIT cwm/controllers/default.py: 0
[2021-08-18 17:08:13] EDIT cwm/controllers/default.py: 0
[2021-08-18 17:08:27] EDIT cwm/controllers/default.py: 1
[2021-08-18 17:19:57] EDIT cwm/controllers/default.py: 0
[2021-08-18 17:20:57] CREATE api.py: 0
[2021-08-18 17:21:42] EDIT cwm/controllers/api.py: 15
[2021-08-19 08:58:25] EDIT cwm/controllers/api.py: -2
[2021-08-19 08:58:42] EDIT cwm/controllers/admin.py: -2
[2021-08-19 08:58:57] EDIT cwm/controllers/default.py: -9
[2021-08-19 09:22:11] DELETE cwm/views/admin/index.html: -2
[2021-08-19 09:22:19] DELETE cwm/views/api/index.html: -2
[2021-08-19 09:22:40] DELETE cwm/views/default/user_status_manage.html: -3
[2021-08-19 09:22:46] DELETE cwm/views/api/user_status_manage.html: -3
[2021-08-19 09:30:45] EDIT cwm/controllers/api.py: -2
[2021-08-19 09:31:03] EDIT cwm/controllers/admin.py: -2
[2021-08-19 09:41:26] EDIT cwm/controllers/api.py: -5
[2021-08-19 09:45:55] EDIT cwm/controllers/api.py: 0
[2021-08-19 09:46:41] EDIT cwm/controllers/api.py: 0
[2021-08-19 09:49:42] EDIT cwm/controllers/api.py: 0
[2021-08-19 10:15:15] EDIT cwm/controllers/api.py: 1
[2021-08-19 10:16:36] EDIT cwm/controllers/api.py: -1
[2021-08-19 10:18:13] EDIT cwm/controllers/api.py: 1
[2021-08-19 10:18:37] EDIT cwm/controllers/api.py: -1
[2021-08-19 13:03:48] EDIT cwm/controllers/api.py: 1
[2021-08-19 13:04:26] EDIT cwm/controllers/api.py: -1
[2021-08-19 13:21:01] EDIT cwm/controllers/api.py: 1
[2021-08-19 15:10:37] EDIT cwm/controllers/api.py: 0
[2021-08-19 15:12:08] EDIT cwm/views/api/pin.html: -2
[2021-08-19 15:13:15] EDIT cwm/controllers/api.py: 0
[2021-08-19 15:40:58] EDIT cwm/controllers/api.py: 1
[2021-08-19 15:41:16] EDIT cwm/controllers/api.py: 0
[2021-08-19 15:58:48] EDIT cwm/controllers/api.py: 0
[2021-08-19 16:14:50] EDIT cwm/controllers/api.py: 1
[2021-08-19 16:37:38] EDIT cwm/controllers/api.py: 0
[2021-08-19 16:50:30] EDIT cwm/controllers/api.py: 0
[2021-08-19 16:52:11] EDIT cwm/controllers/api.py: 0
[2021-08-19 16:52:22] EDIT cwm/controllers/api.py: 0
[2021-08-19 16:53:47] EDIT cwm/controllers/api.py: 1
[2021-08-19 16:57:01] EDIT cwm/controllers/default.py: 6
[2021-08-19 16:57:45] EDIT cwm/controllers/default.py: 0
[2021-08-19 16:58:04] EDIT cwm/controllers/default.py: 0
[2021-08-19 16:58:54] EDIT cwm/controllers/default.py: 1
[2021-08-19 16:59:19] EDIT cwm/controllers/default.py: 0
[2021-08-19 16:59:31] EDIT cwm/controllers/default.py: 0
[2021-08-19 16:59:37] EDIT cwm/controllers/default.py: 0
[2021-08-19 17:00:21] EDIT cwm/controllers/default.py: 0
[2021-08-19 17:01:38] EDIT cwm/controllers/default.py: -1
[2021-08-19 17:09:09] EDIT cwm/controllers/api.py: 3
[2021-08-19 17:09:42] EDIT cwm/controllers/api.py: 0
[2021-08-19 17:10:21] EDIT cwm/controllers/api.py: 3
[2021-08-19 17:10:24] EDIT cwm/controllers/api.py: 0
[2021-08-19 17:10:58] CREATE api/register.html: 0
[2021-08-19 17:12:27] EDIT cwm/controllers/api.py: 0
[2021-08-19 17:15:47] EDIT cwm/views/api/register.html: -1
[2021-08-19 17:16:23] EDIT cwm/controllers/api.py: 0
[2021-08-19 17:35:30] EDIT cwm/views/api/register_user.html: 0
[2021-08-19 17:36:17] EDIT cwm/controllers/api.py: 1
[2021-08-19 17:36:28] EDIT cwm/controllers/api.py: -1
[2021-08-19 17:36:45] EDIT cwm/controllers/api.py: 0
[2021-08-19 17:42:17] EDIT cwm/controllers/api.py: 0
[2021-08-19 17:45:41] EDIT cwm/controllers/api.py: 1
[2021-08-19 17:46:08] EDIT cwm/controllers/api.py: 0
[2021-08-19 17:50:47] EDIT cwm/controllers/api.py: -2
[2021-08-19 17:54:17] EDIT cwm/controllers/api.py: 3
[2021-08-19 17:54:35] EDIT cwm/controllers/api.py: 0
[2021-08-19 17:55:10] EDIT cwm/controllers/api.py: 1
[2021-08-19 17:55:18] EDIT cwm/controllers/api.py: 0
[2021-08-19 17:55:47] EDIT cwm/views/api/register.html: 1
[2021-08-19 17:57:42] EDIT cwm/controllers/api.py: 0
[2021-08-19 17:58:41] EDIT cwm/controllers/api.py: -2
[2021-08-19 18:00:29] EDIT cwm/views/api/register.html: 2
[2021-08-19 18:00:33] EDIT cwm/controllers/api.py: 0
[2021-08-19 18:00:49] EDIT cwm/controllers/api.py: 0
[2021-08-19 18:01:33] EDIT cwm/controllers/api.py: 2
[2021-08-19 18:05:10] EDIT cwm/controllers/api.py: 0
[2021-08-19 18:28:34] EDIT cwm/views/api/register.html: 0
[2021-08-19 18:28:36] EDIT cwm/views/api/register.html: 0
[2021-08-19 18:29:23] EDIT cwm/views/api/register.html: 0
[2021-08-19 18:29:38] EDIT cwm/views/api/register.html: -3
[2021-08-19 18:38:37] EDIT cwm/controllers/api.py: 1
[2021-08-19 18:52:44] EDIT cwm/controllers/api.py: 3
[2021-08-19 18:53:37] EDIT cwm/controllers/api.py: -1
[2021-08-19 18:55:19] EDIT cwm/controllers/api.py: 0
[2021-08-19 18:55:33] EDIT cwm/controllers/api.py: 0
[2021-08-19 18:59:47] EDIT cwm/controllers/api.py: 2
[2021-08-19 19:00:03] EDIT cwm/controllers/api.py: 0
[2021-08-19 19:00:20] EDIT cwm/controllers/api.py: 0
[2021-08-19 19:06:57] EDIT cwm/controllers/api.py: 2
[2021-08-19 19:07:10] EDIT cwm/controllers/api.py: 0
[2021-08-19 19:13:10] EDIT cwm/controllers/api.py: -2
[2021-08-19 19:25:32] EDIT cwm/controllers/api.py: 2
[2021-08-19 19:25:41] EDIT cwm/controllers/api.py: 0
[2021-08-19 19:27:16] EDIT cwm/controllers/api.py: 2
[2021-08-19 19:29:01] EDIT cwm/controllers/api.py: 0
[2021-08-19 19:30:09] EDIT cwm/controllers/api.py: 1
[2021-08-19 19:36:07] EDIT cwm/controllers/api.py: -3
[2021-08-19 19:38:08] EDIT cwm/controllers/api.py: 0
[2021-08-19 19:43:20] EDIT cwm/controllers/api.py: 0
[2021-08-19 19:44:35] EDIT cwm/controllers/api.py: 0
[2021-08-20 09:42:04] EDIT cwm/controllers/api.py: 1
[2021-08-20 09:43:36] EDIT cwm/controllers/default.py: 2
[2021-08-20 09:43:45] EDIT cwm/controllers/api.py: -1
[2021-08-20 09:52:19] EDIT cwm/controllers/api.py: 1
[2021-08-20 10:29:57] EDIT cwm/controllers/admin.py: 2
[2021-08-20 10:30:17] EDIT cwm/controllers/admin.py: 0
[2021-08-20 10:31:11] EDIT cwm/controllers/admin.py: 0
[2021-08-20 10:31:54] EDIT cwm/controllers/default.py: -2
[2021-08-20 10:32:30] EDIT cwm/controllers/default.py: 3
[2021-08-20 10:42:47] EDIT cwm/controllers/default.py: 0
[2021-08-20 10:43:51] EDIT cwm/controllers/default.py: 4
[2021-08-20 10:44:32] EDIT cwm/controllers/default.py: -2
[2021-08-20 10:46:03] EDIT cwm/controllers/default.py: 0
[2021-08-20 16:14:32] EDIT cwm/controllers/api.py: 3
[2021-08-20 16:15:13] EDIT cwm/controllers/api.py: 0
[2021-08-20 16:15:15] EDIT cwm/controllers/api.py: 0
[2021-08-20 16:15:53] EDIT cwm/controllers/api.py: 0
[2021-08-20 17:53:13] EDIT cwm/controllers/api.py: 4
[2021-08-20 17:53:26] EDIT cwm/controllers/api.py: 0
[2021-08-20 18:01:41] EDIT cwm/controllers/api.py: 3
[2021-08-20 18:03:47] EDIT cwm/controllers/api.py: 0
[2021-08-20 19:00:25] EDIT cwm/controllers/api.py: 4
[2021-08-20 19:02:20] EDIT cwm/controllers/api.py: 2
[2021-08-23 09:44:27] EDIT cwm/controllers/api.py: 0
[2021-08-23 09:46:34] EDIT cwm/controllers/api.py: 0
[2021-08-23 09:48:41] EDIT cwm/controllers/api.py: -1
[2021-08-23 10:12:54] EDIT cwm/controllers/api.py: 1
[2021-08-23 10:15:24] EDIT cwm/controllers/api.py: 0
[2021-08-23 10:15:56] EDIT cwm/controllers/api.py: 1
[2021-08-23 10:16:16] EDIT cwm/controllers/api.py: -1
[2021-08-23 10:16:44] EDIT cwm/controllers/api.py: 1
[2021-08-23 10:17:25] EDIT cwm/controllers/api.py: 0
[2021-08-23 10:19:37] EDIT cwm/controllers/api.py: 0
[2021-08-23 10:20:00] EDIT cwm/controllers/api.py: 0
[2021-08-23 10:20:09] EDIT cwm/controllers/api.py: 0
[2021-08-23 10:20:39] EDIT cwm/controllers/api.py: 0
[2021-08-23 10:21:14] EDIT cwm/controllers/api.py: 0
[2021-08-23 10:22:25] EDIT cwm/controllers/api.py: 0
[2021-08-23 10:22:58] EDIT cwm/controllers/api.py: 0
[2021-08-23 10:23:01] EDIT cwm/controllers/api.py: 0
[2021-08-23 10:23:11] EDIT cwm/controllers/api.py: 0
[2021-08-23 10:24:16] EDIT cwm/controllers/api.py: -1
[2021-08-23 10:24:50] EDIT cwm/controllers/api.py: 1
[2021-08-23 10:26:10] EDIT cwm/controllers/api.py: 0
[2021-08-23 10:26:19] EDIT cwm/controllers/api.py: -1
[2021-08-23 10:26:47] EDIT cwm/controllers/api.py: 0
[2021-08-23 10:27:13] EDIT cwm/controllers/api.py: 0
[2021-08-23 10:31:42] EDIT cwm/controllers/api.py: 2
[2021-08-23 10:32:23] EDIT cwm/controllers/api.py: 0
[2021-08-23 10:34:07] EDIT cwm/controllers/api.py: 2
[2021-08-23 10:34:20] EDIT cwm/controllers/api.py: 0
[2021-08-23 10:35:48] EDIT cwm/controllers/api.py: 2
[2021-08-23 10:36:43] EDIT cwm/controllers/api.py: 0
[2021-08-23 10:37:12] EDIT cwm/controllers/api.py: 0
[2021-08-23 10:37:42] EDIT cwm/controllers/api.py: 0
[2021-08-23 10:38:15] EDIT cwm/controllers/api.py: -1
[2021-08-23 10:38:33] EDIT cwm/controllers/api.py: 1
[2021-08-23 10:38:34] EDIT cwm/controllers/api.py: 0
[2021-08-23 10:38:34] EDIT cwm/controllers/api.py: 0
[2021-08-23 12:14:08] EDIT cwm/controllers/api.py: 0
[2021-08-23 14:00:31] EDIT cwm/controllers/api.py: 0
[2021-08-23 14:03:02] EDIT cwm/controllers/api.py: 0
[2021-08-23 14:03:07] EDIT cwm/controllers/api.py: 0
[2021-08-23 14:04:49] EDIT cwm/controllers/api.py: 0
[2021-08-23 14:05:59] EDIT cwm/controllers/api.py: 1
[2021-08-23 14:06:37] EDIT cwm/controllers/api.py: 1
[2021-08-23 14:07:15] EDIT cwm/controllers/api.py: 0
[2021-08-23 14:07:29] EDIT cwm/controllers/api.py: -1
[2021-08-23 14:08:49] EDIT cwm/controllers/api.py: 0
[2021-08-23 16:35:16] EDIT cwm/controllers/api.py: 3
[2021-08-23 17:03:02] EDIT cwm/controllers/api.py: 0
[2021-08-23 17:04:44] EDIT cwm/controllers/api.py: 0
[2021-08-23 17:07:12] EDIT cwm/controllers/api.py: 1
[2021-08-23 17:07:33] EDIT cwm/controllers/api.py: 0
[2021-08-23 17:07:57] EDIT cwm/controllers/api.py: 0
[2021-08-23 17:17:09] EDIT cwm/controllers/api.py: 3
[2021-08-23 18:05:58] EDIT cwm/controllers/api.py: 5
[2021-08-23 18:06:27] EDIT cwm/controllers/api.py: -2
[2021-08-23 18:07:13] EDIT cwm/controllers/api.py: 0
[2021-08-23 18:09:09] EDIT cwm/controllers/api.py: 0
[2021-08-23 18:09:37] EDIT cwm/controllers/api.py: 0
[2021-08-23 18:11:04] EDIT cwm/controllers/api.py: 0
[2021-08-23 18:11:29] EDIT cwm/controllers/api.py: 0
[2021-08-23 18:15:02] EDIT cwm/controllers/api.py: 0
[2021-08-23 18:19:32] EDIT cwm/controllers/api.py: 0
[2021-08-23 18:20:01] EDIT cwm/controllers/api.py: 1
[2021-08-23 18:20:30] EDIT cwm/controllers/api.py: 0
[2021-08-23 18:32:27] EDIT cwm/controllers/api.py: 0
[2021-08-23 19:07:13] EDIT cwm/controllers/api.py: 0
[2021-08-24 14:05:02] EDIT cwm/controllers/api.py: 3
[2021-08-24 14:10:37] EDIT cwm/controllers/api.py: 0
[2021-08-24 14:13:54] EDIT cwm/controllers/api.py: 0
[2021-08-24 15:06:50] EDIT cwm/controllers/api.py: 1
[2021-08-24 15:07:24] EDIT cwm/controllers/api.py: 0
[2021-08-24 15:09:35] EDIT cwm/controllers/api.py: 0
[2021-08-24 15:10:04] EDIT cwm/controllers/api.py: 0
[2021-08-24 15:33:49] EDIT cwm/controllers/api.py: 0
[2021-08-24 15:34:48] EDIT cwm/controllers/api.py: 0
[2021-08-24 15:35:34] EDIT cwm/controllers/api.py: 1
[2021-08-24 16:49:45] EDIT cwm/controllers/api.py: -1
[2021-08-24 16:50:07] EDIT cwm/controllers/api.py: 0
[2021-08-24 16:51:34] EDIT cwm/controllers/api.py: 0
[2021-08-24 16:52:33] EDIT cwm/controllers/api.py: 0
[2021-08-24 17:06:47] EDIT cwm/controllers/api.py: 0
[2021-08-24 17:18:50] EDIT cwm/controllers/api.py: 0
[2021-08-24 18:05:25] EDIT cwm/controllers/api.py: 0
[2021-08-24 18:05:33] EDIT cwm/controllers/api.py: 0
[2021-08-24 18:06:35] EDIT cwm/controllers/api.py: 0
[2021-08-24 18:07:26] EDIT cwm/controllers/api.py: 0
[2021-08-24 18:08:34] EDIT cwm/controllers/api.py: 1
[2021-08-24 18:10:31] EDIT cwm/controllers/api.py: 0
[2021-08-24 18:11:12] EDIT cwm/controllers/api.py: 0
[2021-08-24 18:11:50] EDIT cwm/controllers/api.py: -1
[2021-08-24 18:12:58] EDIT cwm/controllers/api.py: 0
[2021-08-24 18:13:11] EDIT cwm/controllers/api.py: 0
[2021-08-24 18:49:31] EDIT cwm/controllers/api.py: 0
[2021-08-24 18:56:16] EDIT cwm/controllers/api.py: 9
[2021-08-25 09:17:58] EDIT cwm/controllers/api.py: 14
[2021-08-25 09:18:06] EDIT cwm/controllers/api.py: 0
[2021-08-25 09:20:28] EDIT cwm/controllers/api.py: 9
[2021-08-25 09:20:39] EDIT cwm/controllers/api.py: 8
[2021-08-25 09:27:01] EDIT cwm/controllers/api.py: 2
[2021-08-25 09:27:13] EDIT cwm/controllers/api.py: 1
[2021-08-25 09:30:13] EDIT cwm/controllers/api.py: 1
[2021-08-25 09:35:46] EDIT cwm/controllers/api.py: 4
[2021-08-25 09:43:35] EDIT cwm/controllers/api.py: 0
[2021-08-25 09:44:48] EDIT cwm/controllers/api.py: -1
[2021-08-25 09:44:53] EDIT cwm/controllers/api.py: -1
[2021-08-25 09:45:57] EDIT cwm/controllers/api.py: 1
[2021-08-25 10:04:50] EDIT cwm/controllers/api.py: 3
[2021-08-25 10:05:17] EDIT cwm/controllers/api.py: 0
[2021-08-25 10:05:59] EDIT cwm/controllers/api.py: 1
[2021-08-25 10:06:55] EDIT cwm/controllers/api.py: 0
[2021-08-25 10:09:01] EDIT cwm/controllers/api.py: 0
[2021-08-25 10:12:11] EDIT cwm/controllers/api.py: 0
[2021-08-25 10:12:28] EDIT cwm/controllers/api.py: 0
[2021-08-25 10:14:54] EDIT cwm/controllers/api.py: 0
[2021-08-25 10:15:46] EDIT cwm/controllers/api.py: 1
[2021-08-25 10:16:10] EDIT cwm/controllers/api.py: 0
[2021-08-25 10:17:15] EDIT cwm/controllers/api.py: 0
[2021-08-25 10:18:06] EDIT cwm/controllers/api.py: -1
[2021-08-25 10:28:21] EDIT cwm/controllers/api.py: 0
[2021-08-25 10:49:18] EDIT cwm/controllers/api.py: 3
[2021-08-25 10:49:30] EDIT cwm/controllers/api.py: 0
[2021-08-25 10:50:01] EDIT cwm/controllers/api.py: 0
[2021-08-25 10:51:11] EDIT cwm/controllers/api.py: 2
[2021-08-25 10:51:35] EDIT cwm/controllers/api.py: -2
[2021-08-25 12:26:16] EDIT cwm/controllers/api.py: 1
[2021-08-25 14:22:56] EDIT dio/models/0.py: 0
[2021-08-25 15:19:50] EDIT dio/controllers/api.py: 8
[2021-08-25 15:20:47] EDIT dio/controllers/api.py: 1
[2021-08-25 15:21:16] EDIT dio/controllers/api.py: 0
[2021-08-25 15:37:24] EDIT dio/controllers/api.py: 4
[2021-08-25 15:43:54] EDIT dio/controllers/api.py: 1
[2021-08-25 15:43:59] EDIT dio/controllers/api.py: 0
[2021-08-25 15:44:30] EDIT dio/controllers/api.py: 0
[2021-08-25 15:46:06] EDIT dio/controllers/api.py: 1
[2021-08-25 15:46:55] EDIT dio/controllers/api.py: 0
[2021-08-25 16:23:45] EDIT dio/models/0.py: 0
[2021-08-25 16:26:22] EDIT dio/models/db.py: 3
[2021-08-25 16:26:56] EDIT dio/models/db.py: -1
[2021-08-25 16:28:23] EDIT dio/models/0.py: 0
[2021-08-25 16:29:20] EDIT dio/models/db.py: 1
[2021-08-25 16:29:40] EDIT dio/models/0.py: 0
[2021-08-25 16:30:39] EDIT dio/models/db.py: 0
[2021-09-06 11:17:48] EDIT dio/models/db_wizard.py: 2
[2021-09-06 11:24:25] EDIT dio/controllers/api.py: -3
[2021-09-06 11:25:21] EDIT dio/controllers/api.py: 0
[2021-09-06 11:37:47] EDIT dio/models/db_wizard.py: 4
[2021-09-06 11:43:44] EDIT dio/models/0.py: 0
[2021-09-06 11:53:16] EDIT dio/models/db_wizard.py: 0
[2021-09-06 13:30:08] EDIT dio/controllers/api.py: 5
[2021-09-06 13:30:28] EDIT dio/controllers/api.py: 1
[2021-09-06 13:38:39] EDIT dio/controllers/api.py: 2
[2021-09-06 13:39:53] EDIT dio/controllers/api.py: 1
[2021-09-06 13:40:03] EDIT dio/controllers/api.py: -1
[2021-09-06 13:53:59] EDIT dio/controllers/api.py: 0
[2021-09-06 14:19:16] EDIT dio/controllers/api.py: 2
[2021-09-06 14:49:54] EDIT dio/controllers/api.py: 1
[2021-09-06 15:07:58] EDIT dio/controllers/api.py: 0
[2021-09-06 15:11:53] EDIT dio/controllers/api.py: 0
[2021-09-06 15:15:43] EDIT dio/controllers/api.py: 1
[2021-09-06 17:12:53] EDIT dio/controllers/api.py: 0
[2021-09-07 09:48:35] EDIT dio/controllers/api.py: 0
[2021-09-13 14:47:13] EDIT dio/models/0.py: 0
[2021-09-13 15:59:27] EDIT dio/controllers/api.py: 2
[2021-09-13 16:08:41] EDIT dio/controllers/api.py: 0
[2021-09-13 16:09:03] EDIT dio/controllers/api.py: 0
[2021-09-13 16:10:46] EDIT dio/controllers/api.py: 0
[2021-09-13 16:29:57] EDIT dio/controllers/api.py: 0
[2021-09-13 16:39:02] EDIT dio/controllers/api.py: 0
[2021-09-15 14:16:45] EDIT dio/controllers/admin.py: 11
[2021-09-15 14:17:18] EDIT dio/controllers/admin.py: 0
[2021-09-15 14:18:05] CREATE admin/user_group.html_: 0
[2021-09-15 14:18:32] DELETE dio/views/admin/user_group.html_: 0
[2021-09-15 14:18:45] CREATE admin/user_group.html: 0
[2021-09-15 14:19:19] EDIT dio/views/admin/user_group.html: 0
